<?xml version="1.0" encoding="UTF-8"?>
<!-- Generated by org.testng.reporters.JUnitXMLReporter -->
<testsuite ignored="0" hostname="Mayura-Kale" failures="0" tests="2" name="OrangeHRMLogIn" time="0.406" errors="0" timestamp="2023-05-06T23:08:59 IST">
  <testcase classname="testcases.BaseTests" name="@BeforeSuite beforeSuite" time="3.307">
    <failure type="org.openqa.selenium.remote.http.ConnectionFailedException" message="Unable to establish websocket connection to http://localhost:61298/devtools/browser/70061d23-ca51-422e-81d9-f989fe87d5a1
Build info: version: &amp;apos;4.3.0&amp;apos;, revision: &amp;apos;a4995e2c09*&amp;apos;
System info: host: &amp;apos;MAYURA-KALE&amp;apos;, ip: &amp;apos;192.168.0.4&amp;apos;, os.name: &amp;apos;Windows 10&amp;apos;, os.arch: &amp;apos;amd64&amp;apos;, os.version: &amp;apos;10.0&amp;apos;, java.version: &amp;apos;18&amp;apos;
Driver info: driver.version: ChromeDriver">
      <![CDATA[org.openqa.selenium.remote.http.ConnectionFailedException: Unable to establish websocket connection to http://localhost:61298/devtools/browser/70061d23-ca51-422e-81d9-f989fe87d5a1
Build info: version: '4.3.0', revision: 'a4995e2c09*'
System info: host: 'MAYURA-KALE', ip: '192.168.0.4', os.name: 'Windows 10', os.arch: 'amd64', os.version: '10.0', java.version: '18'
Driver info: driver.version: ChromeDriver
at org.openqa.selenium.remote.http.netty.NettyWebSocket.<init>(NettyWebSocket.java:102)
at org.openqa.selenium.remote.http.netty.NettyWebSocket.lambda$create$3(NettyWebSocket.java:128)
at org.openqa.selenium.remote.http.netty.NettyClient.openSocket(NettyClient.java:106)
at org.openqa.selenium.devtools.Connection.<init>(Connection.java:77)
at org.openqa.selenium.chromium.ChromiumDriver.lambda$new$2(ChromiumDriver.java:116)
at java.base/java.util.Optional.map(Optional.java:260)
at org.openqa.selenium.chromium.ChromiumDriver.<init>(ChromiumDriver.java:114)
at org.openqa.selenium.chrome.ChromeDriver.<init>(ChromeDriver.java:81)
at org.openqa.selenium.chrome.ChromeDriver.<init>(ChromeDriver.java:49)
at testcases.BaseTests.beforeSuite(BaseTests.java:30)
... Removed 17 stack frames]]>
    </failure>
  </testcase> <!-- @BeforeSuite beforeSuite -->
  <testcase classname="testcases.BaseTests" name="@BeforeClass createObject" time="0.0">
    <skipped/>
  </testcase> <!-- @BeforeClass createObject -->
  <testcase classname="testcases.LogInTests" name="validateLogIn" time="0.0">
    <skipped/>
  </testcase> <!-- validateLogIn -->
  <testcase classname="testcases.LogInTests" name="validateTitle" time="0.0">
    <skipped/>
  </testcase> <!-- validateTitle -->
</testsuite> <!-- OrangeHRMLogIn -->
